Started GET "/" for 127.0.0.1 at 2017-02-04 23:36:10 -0500
Processing by Rails::WelcomeController#index as HTML
  Parameters: {"internal"=>true}
  Rendering /Users/Freddy/.rbenv/versions/2.3.1/lib/ruby/gems/2.3.0/gems/railties-5.0.1/lib/rails/templates/rails/welcome/index.html.erb
  Rendered /Users/Freddy/.rbenv/versions/2.3.1/lib/ruby/gems/2.3.0/gems/railties-5.0.1/lib/rails/templates/rails/welcome/index.html.erb (7.3ms)
Completed 200 OK in 375ms (Views: 64.5ms)


Started GET "/service-worker.js" for 127.0.0.1 at 2017-02-04 23:36:12 -0500
  
ActionController::RoutingError (No route matches [GET] "/service-worker.js"):
  
actionpack (5.0.1) lib/action_dispatch/middleware/debug_exceptions.rb:53:in `call'
web-console (3.4.0) lib/web_console/middleware.rb:135:in `call_app'
web-console (3.4.0) lib/web_console/middleware.rb:28:in `block in call'
web-console (3.4.0) lib/web_console/middleware.rb:18:in `catch'
web-console (3.4.0) lib/web_console/middleware.rb:18:in `call'
actionpack (5.0.1) lib/action_dispatch/middleware/show_exceptions.rb:31:in `call'
railties (5.0.1) lib/rails/rack/logger.rb:36:in `call_app'
railties (5.0.1) lib/rails/rack/logger.rb:24:in `block in call'
activesupport (5.0.1) lib/active_support/tagged_logging.rb:69:in `block in tagged'
activesupport (5.0.1) lib/active_support/tagged_logging.rb:26:in `tagged'
activesupport (5.0.1) lib/active_support/tagged_logging.rb:69:in `tagged'
railties (5.0.1) lib/rails/rack/logger.rb:24:in `call'
sprockets-rails (3.2.0) lib/sprockets/rails/quiet_assets.rb:13:in `call'
actionpack (5.0.1) lib/action_dispatch/middleware/request_id.rb:24:in `call'
rack (2.0.1) lib/rack/method_override.rb:22:in `call'
rack (2.0.1) lib/rack/runtime.rb:22:in `call'
activesupport (5.0.1) lib/active_support/cache/strategy/local_cache_middleware.rb:28:in `call'
actionpack (5.0.1) lib/action_dispatch/middleware/executor.rb:12:in `call'
actionpack (5.0.1) lib/action_dispatch/middleware/static.rb:136:in `call'
rack (2.0.1) lib/rack/sendfile.rb:111:in `call'
railties (5.0.1) lib/rails/engine.rb:522:in `call'
puma (3.7.0) lib/puma/configuration.rb:226:in `call'
puma (3.7.0) lib/puma/server.rb:578:in `handle_request'
puma (3.7.0) lib/puma/server.rb:415:in `process_client'
puma (3.7.0) lib/puma/server.rb:275:in `block in run'
puma (3.7.0) lib/puma/thread_pool.rb:120:in `block in spawn_thread'
  Rendering /Users/Freddy/.rbenv/versions/2.3.1/lib/ruby/gems/2.3.0/gems/actionpack-5.0.1/lib/action_dispatch/middleware/templates/rescues/routing_error.html.erb within rescues/layout
  Rendering /Users/Freddy/.rbenv/versions/2.3.1/lib/ruby/gems/2.3.0/gems/actionpack-5.0.1/lib/action_dispatch/middleware/templates/rescues/_trace.html.erb
  Rendered /Users/Freddy/.rbenv/versions/2.3.1/lib/ruby/gems/2.3.0/gems/actionpack-5.0.1/lib/action_dispatch/middleware/templates/rescues/_trace.html.erb (4.6ms)
  Rendered /Users/Freddy/.rbenv/versions/2.3.1/lib/ruby/gems/2.3.0/gems/actionpack-5.0.1/lib/action_dispatch/middleware/templates/routes/_table.html.erb (38.3ms)
  Rendering /Users/Freddy/.rbenv/versions/2.3.1/lib/ruby/gems/2.3.0/gems/actionpack-5.0.1/lib/action_dispatch/middleware/templates/rescues/_request_and_response.html.erb
  Rendered /Users/Freddy/.rbenv/versions/2.3.1/lib/ruby/gems/2.3.0/gems/actionpack-5.0.1/lib/action_dispatch/middleware/templates/rescues/_request_and_response.html.erb (2.0ms)
  Rendered /Users/Freddy/.rbenv/versions/2.3.1/lib/ruby/gems/2.3.0/gems/actionpack-5.0.1/lib/action_dispatch/middleware/templates/rescues/routing_error.html.erb within rescues/layout (203.6ms)
Started GET "/" for 127.0.0.1 at 2017-02-04 23:39:34 -0500
Processing by StaticPagesController#index as HTML
  Rendering static_pages/index.html.erb within layouts/application
  Rendered static_pages/index.html.erb within layouts/application (0.4ms)
Completed 200 OK in 24217ms (Views: 24216.9ms)


Started GET "/service-worker.js" for 127.0.0.1 at 2017-02-04 23:40:01 -0500
  
ActionController::RoutingError (No route matches [GET] "/service-worker.js"):
  
actionpack (5.0.1) lib/action_dispatch/middleware/debug_exceptions.rb:53:in `call'
web-console (3.4.0) lib/web_console/middleware.rb:135:in `call_app'
web-console (3.4.0) lib/web_console/middleware.rb:28:in `block in call'
web-console (3.4.0) lib/web_console/middleware.rb:18:in `catch'
web-console (3.4.0) lib/web_console/middleware.rb:18:in `call'
actionpack (5.0.1) lib/action_dispatch/middleware/show_exceptions.rb:31:in `call'
railties (5.0.1) lib/rails/rack/logger.rb:36:in `call_app'
railties (5.0.1) lib/rails/rack/logger.rb:24:in `block in call'
activesupport (5.0.1) lib/active_support/tagged_logging.rb:69:in `block in tagged'
activesupport (5.0.1) lib/active_support/tagged_logging.rb:26:in `tagged'
activesupport (5.0.1) lib/active_support/tagged_logging.rb:69:in `tagged'
railties (5.0.1) lib/rails/rack/logger.rb:24:in `call'
sprockets-rails (3.2.0) lib/sprockets/rails/quiet_assets.rb:13:in `call'
actionpack (5.0.1) lib/action_dispatch/middleware/request_id.rb:24:in `call'
rack (2.0.1) lib/rack/method_override.rb:22:in `call'
rack (2.0.1) lib/rack/runtime.rb:22:in `call'
activesupport (5.0.1) lib/active_support/cache/strategy/local_cache_middleware.rb:28:in `call'
actionpack (5.0.1) lib/action_dispatch/middleware/executor.rb:12:in `call'
actionpack (5.0.1) lib/action_dispatch/middleware/static.rb:136:in `call'
rack (2.0.1) lib/rack/sendfile.rb:111:in `call'
railties (5.0.1) lib/rails/engine.rb:522:in `call'
puma (3.7.0) lib/puma/configuration.rb:226:in `call'
puma (3.7.0) lib/puma/server.rb:578:in `handle_request'
puma (3.7.0) lib/puma/server.rb:415:in `process_client'
puma (3.7.0) lib/puma/server.rb:275:in `block in run'
puma (3.7.0) lib/puma/thread_pool.rb:120:in `block in spawn_thread'
  Rendering /Users/Freddy/.rbenv/versions/2.3.1/lib/ruby/gems/2.3.0/gems/actionpack-5.0.1/lib/action_dispatch/middleware/templates/rescues/routing_error.html.erb within rescues/layout
  Rendering /Users/Freddy/.rbenv/versions/2.3.1/lib/ruby/gems/2.3.0/gems/actionpack-5.0.1/lib/action_dispatch/middleware/templates/rescues/_trace.html.erb
  Rendered /Users/Freddy/.rbenv/versions/2.3.1/lib/ruby/gems/2.3.0/gems/actionpack-5.0.1/lib/action_dispatch/middleware/templates/rescues/_trace.html.erb (5.6ms)
  Rendered collection of /Users/Freddy/.rbenv/versions/2.3.1/lib/ruby/gems/2.3.0/gems/actionpack-5.0.1/lib/action_dispatch/middleware/templates/routes/_route.html.erb [16 times] (255.7ms)
  Rendered /Users/Freddy/.rbenv/versions/2.3.1/lib/ruby/gems/2.3.0/gems/actionpack-5.0.1/lib/action_dispatch/middleware/templates/routes/_table.html.erb (4.6ms)
  Rendering /Users/Freddy/.rbenv/versions/2.3.1/lib/ruby/gems/2.3.0/gems/actionpack-5.0.1/lib/action_dispatch/middleware/templates/rescues/_request_and_response.html.erb
  Rendered /Users/Freddy/.rbenv/versions/2.3.1/lib/ruby/gems/2.3.0/gems/actionpack-5.0.1/lib/action_dispatch/middleware/templates/rescues/_request_and_response.html.erb (3.8ms)
  Rendered /Users/Freddy/.rbenv/versions/2.3.1/lib/ruby/gems/2.3.0/gems/actionpack-5.0.1/lib/action_dispatch/middleware/templates/rescues/routing_error.html.erb within rescues/layout (1393.9ms)
Started GET "/" for 127.0.0.1 at 2017-02-04 23:43:47 -0500
Processing by StaticPagesController#index as HTML
  Rendering static_pages/index.html.erb within layouts/application
  Rendered static_pages/index.html.erb within layouts/application (3.6ms)
Completed 200 OK in 341ms (Views: 324.3ms)


Started GET "/service-worker.js" for 127.0.0.1 at 2017-02-04 23:43:49 -0500
  
ActionController::RoutingError (No route matches [GET] "/service-worker.js"):
  
actionpack (5.0.1) lib/action_dispatch/middleware/debug_exceptions.rb:53:in `call'
web-console (3.4.0) lib/web_console/middleware.rb:135:in `call_app'
web-console (3.4.0) lib/web_console/middleware.rb:28:in `block in call'
web-console (3.4.0) lib/web_console/middleware.rb:18:in `catch'
web-console (3.4.0) lib/web_console/middleware.rb:18:in `call'
actionpack (5.0.1) lib/action_dispatch/middleware/show_exceptions.rb:31:in `call'
railties (5.0.1) lib/rails/rack/logger.rb:36:in `call_app'
railties (5.0.1) lib/rails/rack/logger.rb:24:in `block in call'
activesupport (5.0.1) lib/active_support/tagged_logging.rb:69:in `block in tagged'
activesupport (5.0.1) lib/active_support/tagged_logging.rb:26:in `tagged'
activesupport (5.0.1) lib/active_support/tagged_logging.rb:69:in `tagged'
railties (5.0.1) lib/rails/rack/logger.rb:24:in `call'
sprockets-rails (3.2.0) lib/sprockets/rails/quiet_assets.rb:13:in `call'
actionpack (5.0.1) lib/action_dispatch/middleware/request_id.rb:24:in `call'
rack (2.0.1) lib/rack/method_override.rb:22:in `call'
rack (2.0.1) lib/rack/runtime.rb:22:in `call'
activesupport (5.0.1) lib/active_support/cache/strategy/local_cache_middleware.rb:28:in `call'
actionpack (5.0.1) lib/action_dispatch/middleware/executor.rb:12:in `call'
actionpack (5.0.1) lib/action_dispatch/middleware/static.rb:136:in `call'
rack (2.0.1) lib/rack/sendfile.rb:111:in `call'
railties (5.0.1) lib/rails/engine.rb:522:in `call'
puma (3.7.0) lib/puma/configuration.rb:226:in `call'
puma (3.7.0) lib/puma/server.rb:578:in `handle_request'
puma (3.7.0) lib/puma/server.rb:415:in `process_client'
puma (3.7.0) lib/puma/server.rb:275:in `block in run'
puma (3.7.0) lib/puma/thread_pool.rb:120:in `block in spawn_thread'
  Rendering /Users/Freddy/.rbenv/versions/2.3.1/lib/ruby/gems/2.3.0/gems/actionpack-5.0.1/lib/action_dispatch/middleware/templates/rescues/routing_error.html.erb within rescues/layout
  Rendering /Users/Freddy/.rbenv/versions/2.3.1/lib/ruby/gems/2.3.0/gems/actionpack-5.0.1/lib/action_dispatch/middleware/templates/rescues/_trace.html.erb
  Rendered /Users/Freddy/.rbenv/versions/2.3.1/lib/ruby/gems/2.3.0/gems/actionpack-5.0.1/lib/action_dispatch/middleware/templates/rescues/_trace.html.erb (2.6ms)
  Rendered collection of /Users/Freddy/.rbenv/versions/2.3.1/lib/ruby/gems/2.3.0/gems/actionpack-5.0.1/lib/action_dispatch/middleware/templates/routes/_route.html.erb [16 times] (11.4ms)
  Rendered /Users/Freddy/.rbenv/versions/2.3.1/lib/ruby/gems/2.3.0/gems/actionpack-5.0.1/lib/action_dispatch/middleware/templates/routes/_table.html.erb (1.8ms)
  Rendering /Users/Freddy/.rbenv/versions/2.3.1/lib/ruby/gems/2.3.0/gems/actionpack-5.0.1/lib/action_dispatch/middleware/templates/rescues/_request_and_response.html.erb
  Rendered /Users/Freddy/.rbenv/versions/2.3.1/lib/ruby/gems/2.3.0/gems/actionpack-5.0.1/lib/action_dispatch/middleware/templates/rescues/_request_and_response.html.erb (1.4ms)
  Rendered /Users/Freddy/.rbenv/versions/2.3.1/lib/ruby/gems/2.3.0/gems/actionpack-5.0.1/lib/action_dispatch/middleware/templates/rescues/routing_error.html.erb within rescues/layout (153.0ms)
Started GET "/" for 127.0.0.1 at 2017-02-04 23:44:21 -0500
Processing by StaticPagesController#index as HTML
  Rendering static_pages/index.html.erb within layouts/application
  Rendered static_pages/index.html.erb within layouts/application (0.9ms)
Completed 200 OK in 52ms (Views: 49.2ms)


Started GET "/service-worker.js" for 127.0.0.1 at 2017-02-04 23:44:22 -0500
  
ActionController::RoutingError (No route matches [GET] "/service-worker.js"):
  
actionpack (5.0.1) lib/action_dispatch/middleware/debug_exceptions.rb:53:in `call'
web-console (3.4.0) lib/web_console/middleware.rb:135:in `call_app'
web-console (3.4.0) lib/web_console/middleware.rb:28:in `block in call'
web-console (3.4.0) lib/web_console/middleware.rb:18:in `catch'
web-console (3.4.0) lib/web_console/middleware.rb:18:in `call'
actionpack (5.0.1) lib/action_dispatch/middleware/show_exceptions.rb:31:in `call'
railties (5.0.1) lib/rails/rack/logger.rb:36:in `call_app'
railties (5.0.1) lib/rails/rack/logger.rb:24:in `block in call'
activesupport (5.0.1) lib/active_support/tagged_logging.rb:69:in `block in tagged'
activesupport (5.0.1) lib/active_support/tagged_logging.rb:26:in `tagged'
activesupport (5.0.1) lib/active_support/tagged_logging.rb:69:in `tagged'
railties (5.0.1) lib/rails/rack/logger.rb:24:in `call'
sprockets-rails (3.2.0) lib/sprockets/rails/quiet_assets.rb:13:in `call'
actionpack (5.0.1) lib/action_dispatch/middleware/request_id.rb:24:in `call'
rack (2.0.1) lib/rack/method_override.rb:22:in `call'
rack (2.0.1) lib/rack/runtime.rb:22:in `call'
activesupport (5.0.1) lib/active_support/cache/strategy/local_cache_middleware.rb:28:in `call'
actionpack (5.0.1) lib/action_dispatch/middleware/executor.rb:12:in `call'
actionpack (5.0.1) lib/action_dispatch/middleware/static.rb:136:in `call'
rack (2.0.1) lib/rack/sendfile.rb:111:in `call'
railties (5.0.1) lib/rails/engine.rb:522:in `call'
puma (3.7.0) lib/puma/configuration.rb:226:in `call'
puma (3.7.0) lib/puma/server.rb:578:in `handle_request'
puma (3.7.0) lib/puma/server.rb:415:in `process_client'
puma (3.7.0) lib/puma/server.rb:275:in `block in run'
puma (3.7.0) lib/puma/thread_pool.rb:120:in `block in spawn_thread'
  Rendering /Users/Freddy/.rbenv/versions/2.3.1/lib/ruby/gems/2.3.0/gems/actionpack-5.0.1/lib/action_dispatch/middleware/templates/rescues/routing_error.html.erb within rescues/layout
  Rendering /Users/Freddy/.rbenv/versions/2.3.1/lib/ruby/gems/2.3.0/gems/actionpack-5.0.1/lib/action_dispatch/middleware/templates/rescues/_trace.html.erb
  Rendered /Users/Freddy/.rbenv/versions/2.3.1/lib/ruby/gems/2.3.0/gems/actionpack-5.0.1/lib/action_dispatch/middleware/templates/rescues/_trace.html.erb (2.0ms)
  Rendered collection of /Users/Freddy/.rbenv/versions/2.3.1/lib/ruby/gems/2.3.0/gems/actionpack-5.0.1/lib/action_dispatch/middleware/templates/routes/_route.html.erb [16 times] (7.7ms)
  Rendered /Users/Freddy/.rbenv/versions/2.3.1/lib/ruby/gems/2.3.0/gems/actionpack-5.0.1/lib/action_dispatch/middleware/templates/routes/_table.html.erb (1.3ms)
  Rendering /Users/Freddy/.rbenv/versions/2.3.1/lib/ruby/gems/2.3.0/gems/actionpack-5.0.1/lib/action_dispatch/middleware/templates/rescues/_request_and_response.html.erb
  Rendered /Users/Freddy/.rbenv/versions/2.3.1/lib/ruby/gems/2.3.0/gems/actionpack-5.0.1/lib/action_dispatch/middleware/templates/rescues/_request_and_response.html.erb (1.3ms)
  Rendered /Users/Freddy/.rbenv/versions/2.3.1/lib/ruby/gems/2.3.0/gems/actionpack-5.0.1/lib/action_dispatch/middleware/templates/rescues/routing_error.html.erb within rescues/layout (175.7ms)
Started GET "/" for 127.0.0.1 at 2017-02-04 23:44:29 -0500
Processing by StaticPagesController#index as HTML
  Rendering static_pages/index.html.erb within layouts/application
  Rendered static_pages/index.html.erb within layouts/application (0.9ms)
Completed 200 OK in 40ms (Views: 37.1ms)


Started GET "/service-worker.js" for 127.0.0.1 at 2017-02-04 23:44:31 -0500
  
ActionController::RoutingError (No route matches [GET] "/service-worker.js"):
  
actionpack (5.0.1) lib/action_dispatch/middleware/debug_exceptions.rb:53:in `call'
web-console (3.4.0) lib/web_console/middleware.rb:135:in `call_app'
web-console (3.4.0) lib/web_console/middleware.rb:28:in `block in call'
web-console (3.4.0) lib/web_console/middleware.rb:18:in `catch'
web-console (3.4.0) lib/web_console/middleware.rb:18:in `call'
actionpack (5.0.1) lib/action_dispatch/middleware/show_exceptions.rb:31:in `call'
railties (5.0.1) lib/rails/rack/logger.rb:36:in `call_app'
railties (5.0.1) lib/rails/rack/logger.rb:24:in `block in call'
activesupport (5.0.1) lib/active_support/tagged_logging.rb:69:in `block in tagged'
activesupport (5.0.1) lib/active_support/tagged_logging.rb:26:in `tagged'
activesupport (5.0.1) lib/active_support/tagged_logging.rb:69:in `tagged'
railties (5.0.1) lib/rails/rack/logger.rb:24:in `call'
sprockets-rails (3.2.0) lib/sprockets/rails/quiet_assets.rb:13:in `call'
actionpack (5.0.1) lib/action_dispatch/middleware/request_id.rb:24:in `call'
rack (2.0.1) lib/rack/method_override.rb:22:in `call'
rack (2.0.1) lib/rack/runtime.rb:22:in `call'
activesupport (5.0.1) lib/active_support/cache/strategy/local_cache_middleware.rb:28:in `call'
actionpack (5.0.1) lib/action_dispatch/middleware/executor.rb:12:in `call'
actionpack (5.0.1) lib/action_dispatch/middleware/static.rb:136:in `call'
rack (2.0.1) lib/rack/sendfile.rb:111:in `call'
railties (5.0.1) lib/rails/engine.rb:522:in `call'
puma (3.7.0) lib/puma/configuration.rb:226:in `call'
puma (3.7.0) lib/puma/server.rb:578:in `handle_request'
puma (3.7.0) lib/puma/server.rb:415:in `process_client'
puma (3.7.0) lib/puma/server.rb:275:in `block in run'
puma (3.7.0) lib/puma/thread_pool.rb:120:in `block in spawn_thread'
  Rendering /Users/Freddy/.rbenv/versions/2.3.1/lib/ruby/gems/2.3.0/gems/actionpack-5.0.1/lib/action_dispatch/middleware/templates/rescues/routing_error.html.erb within rescues/layout
  Rendering /Users/Freddy/.rbenv/versions/2.3.1/lib/ruby/gems/2.3.0/gems/actionpack-5.0.1/lib/action_dispatch/middleware/templates/rescues/_trace.html.erb
  Rendered /Users/Freddy/.rbenv/versions/2.3.1/lib/ruby/gems/2.3.0/gems/actionpack-5.0.1/lib/action_dispatch/middleware/templates/rescues/_trace.html.erb (4.1ms)
  Rendered collection of /Users/Freddy/.rbenv/versions/2.3.1/lib/ruby/gems/2.3.0/gems/actionpack-5.0.1/lib/action_dispatch/middleware/templates/routes/_route.html.erb [16 times] (11.7ms)
  Rendered /Users/Freddy/.rbenv/versions/2.3.1/lib/ruby/gems/2.3.0/gems/actionpack-5.0.1/lib/action_dispatch/middleware/templates/routes/_table.html.erb (4.3ms)
  Rendering /Users/Freddy/.rbenv/versions/2.3.1/lib/ruby/gems/2.3.0/gems/actionpack-5.0.1/lib/action_dispatch/middleware/templates/rescues/_request_and_response.html.erb
  Rendered /Users/Freddy/.rbenv/versions/2.3.1/lib/ruby/gems/2.3.0/gems/actionpack-5.0.1/lib/action_dispatch/middleware/templates/rescues/_request_and_response.html.erb (2.8ms)
  Rendered /Users/Freddy/.rbenv/versions/2.3.1/lib/ruby/gems/2.3.0/gems/actionpack-5.0.1/lib/action_dispatch/middleware/templates/rescues/routing_error.html.erb within rescues/layout (138.4ms)
Started GET "/" for 127.0.0.1 at 2017-02-04 23:44:37 -0500
Processing by StaticPagesController#index as HTML
  Rendering static_pages/index.html.erb within layouts/application
  Rendered static_pages/index.html.erb within layouts/application (1.6ms)
Completed 200 OK in 64ms (Views: 61.6ms)


Started GET "/service-worker.js" for 127.0.0.1 at 2017-02-04 23:44:38 -0500
  
ActionController::RoutingError (No route matches [GET] "/service-worker.js"):
  
actionpack (5.0.1) lib/action_dispatch/middleware/debug_exceptions.rb:53:in `call'
web-console (3.4.0) lib/web_console/middleware.rb:135:in `call_app'
web-console (3.4.0) lib/web_console/middleware.rb:28:in `block in call'
web-console (3.4.0) lib/web_console/middleware.rb:18:in `catch'
web-console (3.4.0) lib/web_console/middleware.rb:18:in `call'
actionpack (5.0.1) lib/action_dispatch/middleware/show_exceptions.rb:31:in `call'
railties (5.0.1) lib/rails/rack/logger.rb:36:in `call_app'
railties (5.0.1) lib/rails/rack/logger.rb:24:in `block in call'
activesupport (5.0.1) lib/active_support/tagged_logging.rb:69:in `block in tagged'
activesupport (5.0.1) lib/active_support/tagged_logging.rb:26:in `tagged'
activesupport (5.0.1) lib/active_support/tagged_logging.rb:69:in `tagged'
railties (5.0.1) lib/rails/rack/logger.rb:24:in `call'
sprockets-rails (3.2.0) lib/sprockets/rails/quiet_assets.rb:13:in `call'
actionpack (5.0.1) lib/action_dispatch/middleware/request_id.rb:24:in `call'
rack (2.0.1) lib/rack/method_override.rb:22:in `call'
rack (2.0.1) lib/rack/runtime.rb:22:in `call'
activesupport (5.0.1) lib/active_support/cache/strategy/local_cache_middleware.rb:28:in `call'
actionpack (5.0.1) lib/action_dispatch/middleware/executor.rb:12:in `call'
actionpack (5.0.1) lib/action_dispatch/middleware/static.rb:136:in `call'
rack (2.0.1) lib/rack/sendfile.rb:111:in `call'
railties (5.0.1) lib/rails/engine.rb:522:in `call'
puma (3.7.0) lib/puma/configuration.rb:226:in `call'
puma (3.7.0) lib/puma/server.rb:578:in `handle_request'
puma (3.7.0) lib/puma/server.rb:415:in `process_client'
puma (3.7.0) lib/puma/server.rb:275:in `block in run'
puma (3.7.0) lib/puma/thread_pool.rb:120:in `block in spawn_thread'
  Rendering /Users/Freddy/.rbenv/versions/2.3.1/lib/ruby/gems/2.3.0/gems/actionpack-5.0.1/lib/action_dispatch/middleware/templates/rescues/routing_error.html.erb within rescues/layout
  Rendering /Users/Freddy/.rbenv/versions/2.3.1/lib/ruby/gems/2.3.0/gems/actionpack-5.0.1/lib/action_dispatch/middleware/templates/rescues/_trace.html.erb
  Rendered /Users/Freddy/.rbenv/versions/2.3.1/lib/ruby/gems/2.3.0/gems/actionpack-5.0.1/lib/action_dispatch/middleware/templates/rescues/_trace.html.erb (2.2ms)
  Rendered collection of /Users/Freddy/.rbenv/versions/2.3.1/lib/ruby/gems/2.3.0/gems/actionpack-5.0.1/lib/action_dispatch/middleware/templates/routes/_route.html.erb [16 times] (8.9ms)
  Rendered /Users/Freddy/.rbenv/versions/2.3.1/lib/ruby/gems/2.3.0/gems/actionpack-5.0.1/lib/action_dispatch/middleware/templates/routes/_table.html.erb (2.1ms)
  Rendering /Users/Freddy/.rbenv/versions/2.3.1/lib/ruby/gems/2.3.0/gems/actionpack-5.0.1/lib/action_dispatch/middleware/templates/rescues/_request_and_response.html.erb
  Rendered /Users/Freddy/.rbenv/versions/2.3.1/lib/ruby/gems/2.3.0/gems/actionpack-5.0.1/lib/action_dispatch/middleware/templates/rescues/_request_and_response.html.erb (1.5ms)
  Rendered /Users/Freddy/.rbenv/versions/2.3.1/lib/ruby/gems/2.3.0/gems/actionpack-5.0.1/lib/action_dispatch/middleware/templates/rescues/routing_error.html.erb within rescues/layout (127.0ms)
Started GET "/users/sign_up" for 127.0.0.1 at 2017-02-04 23:47:29 -0500
Processing by Devise::RegistrationsController#new as HTML
  Rendering devise/registrations/new.html.erb within layouts/application
  Rendered devise/registrations/new.html.erb within layouts/application (306.8ms)
Completed 500 Internal Server Error in 362ms


DEPRECATION WARNING: #original_exception is deprecated. Use #cause instead. (called from initialize at /Users/Freddy/.rbenv/versions/2.3.1/lib/ruby/gems/2.3.0/gems/better_errors-2.1.1/lib/better_errors/raised_exception.rb:7)
DEPRECATION WARNING: #original_exception is deprecated. Use #cause instead. (called from initialize at /Users/Freddy/.rbenv/versions/2.3.1/lib/ruby/gems/2.3.0/gems/better_errors-2.1.1/lib/better_errors/raised_exception.rb:8)

NoMethodError - undefined method `registration_path' for #<#<Class:0x007fa4f5dd32a8>:0x007fa4f5dd1f48>:
  app/views/devise/registrations/new.html.erb:3:in `_app_views_devise_registrations_new_html_erb___542570136906399084_70173238134100'
  actionview (5.0.1) lib/action_view/template.rb:159:in `block in render'
  activesupport (5.0.1) lib/active_support/notifications.rb:166:in `instrument'
  actionview (5.0.1) lib/action_view/template.rb:354:in `instrument'
  actionview (5.0.1) lib/action_view/template.rb:157:in `render'
  actionview (5.0.1) lib/action_view/renderer/template_renderer.rb:54:in `block (2 levels) in render_template'
  actionview (5.0.1) lib/action_view/renderer/abstract_renderer.rb:42:in `block in instrument'
  activesupport (5.0.1) lib/active_support/notifications.rb:164:in `block in instrument'
  activesupport (5.0.1) lib/active_support/notifications/instrumenter.rb:21:in `instrument'
  activesupport (5.0.1) lib/active_support/notifications.rb:164:in `instrument'
  actionview (5.0.1) lib/action_view/renderer/abstract_renderer.rb:41:in `instrument'
  actionview (5.0.1) lib/action_view/renderer/template_renderer.rb:53:in `block in render_template'
  actionview (5.0.1) lib/action_view/renderer/template_renderer.rb:61:in `render_with_layout'
  actionview (5.0.1) lib/action_view/renderer/template_renderer.rb:52:in `render_template'
  actionview (5.0.1) lib/action_view/renderer/template_renderer.rb:14:in `render'
  actionview (5.0.1) lib/action_view/renderer/renderer.rb:42:in `render_template'
  actionview (5.0.1) lib/action_view/renderer/renderer.rb:23:in `render'
  actionview (5.0.1) lib/action_view/rendering.rb:103:in `_render_template'
  actionpack (5.0.1) lib/action_controller/metal/streaming.rb:217:in `_render_template'
  actionview (5.0.1) lib/action_view/rendering.rb:83:in `render_to_body'
  actionpack (5.0.1) lib/action_controller/metal/rendering.rb:52:in `render_to_body'
  actionpack (5.0.1) lib/action_controller/metal/renderers.rb:142:in `render_to_body'
  actionpack (5.0.1) lib/abstract_controller/rendering.rb:26:in `render'
  actionpack (5.0.1) lib/action_controller/metal/rendering.rb:36:in `render'
  actionpack (5.0.1) lib/action_controller/metal/instrumentation.rb:44:in `block (2 levels) in render'
  activesupport (5.0.1) lib/active_support/core_ext/benchmark.rb:12:in `block in ms'
  /Users/Freddy/.rbenv/versions/2.3.1/lib/ruby/2.3.0/benchmark.rb:308:in `realtime'
  activesupport (5.0.1) lib/active_support/core_ext/benchmark.rb:12:in `ms'
  actionpack (5.0.1) lib/action_controller/metal/instrumentation.rb:44:in `block in render'
  actionpack (5.0.1) lib/action_controller/metal/instrumentation.rb:87:in `cleanup_view_runtime'
  actionpack (5.0.1) lib/action_controller/metal/instrumentation.rb:43:in `render'
  responders (2.3.0) lib/action_controller/responder.rb:238:in `default_render'
  responders (2.3.0) lib/action_controller/responder.rb:170:in `to_html'
  responders (2.3.0) lib/action_controller/responder.rb:163:in `respond'
  responders (2.3.0) lib/action_controller/responder.rb:156:in `call'
  responders (2.3.0) lib/action_controller/respond_with.rb:205:in `respond_with'
  devise (4.2.0) app/controllers/devise/registrations_controller.rb:10:in `new'
  actionpack (5.0.1) lib/action_controller/metal/basic_implicit_render.rb:4:in `send_action'
  actionpack (5.0.1) lib/abstract_controller/base.rb:188:in `process_action'
  actionpack (5.0.1) lib/action_controller/metal/rendering.rb:30:in `process_action'
  actionpack (5.0.1) lib/abstract_controller/callbacks.rb:20:in `block in process_action'
  activesupport (5.0.1) lib/active_support/callbacks.rb:126:in `call'
  activesupport (5.0.1) lib/active_support/callbacks.rb:506:in `block (2 levels) in compile'
  activesupport (5.0.1) lib/active_support/callbacks.rb:455:in `call'
  activesupport (5.0.1) lib/active_support/callbacks.rb:101:in `__run_callbacks__'
  activesupport (5.0.1) lib/active_support/callbacks.rb:750:in `_run_process_action_callbacks'
  activesupport (5.0.1) lib/active_support/callbacks.rb:90:in `run_callbacks'
  actionpack (5.0.1) lib/abstract_controller/callbacks.rb:19:in `process_action'
  actionpack (5.0.1) lib/action_controller/metal/rescue.rb:20:in `process_action'
  actionpack (5.0.1) lib/action_controller/metal/instrumentation.rb:32:in `block in process_action'
  activesupport (5.0.1) lib/active_support/notifications.rb:164:in `block in instrument'
  activesupport (5.0.1) lib/active_support/notifications/instrumenter.rb:21:in `instrument'
  activesupport (5.0.1) lib/active_support/notifications.rb:164:in `instrument'
  actionpack (5.0.1) lib/action_controller/metal/instrumentation.rb:30:in `process_action'
  actionpack (5.0.1) lib/action_controller/metal/params_wrapper.rb:248:in `process_action'
  actionpack (5.0.1) lib/abstract_controller/base.rb:126:in `process'
  actionview (5.0.1) lib/action_view/rendering.rb:30:in `process'
  actionpack (5.0.1) lib/action_controller/metal.rb:190:in `dispatch'
  actionpack (5.0.1) lib/action_controller/metal.rb:262:in `dispatch'
  actionpack (5.0.1) lib/action_dispatch/routing/route_set.rb:50:in `dispatch'
  actionpack (5.0.1) lib/action_dispatch/routing/route_set.rb:32:in `serve'
  actionpack (5.0.1) lib/action_dispatch/routing/mapper.rb:16:in `block in <class:Constraints>'
  actionpack (5.0.1) lib/action_dispatch/routing/mapper.rb:46:in `serve'
  actionpack (5.0.1) lib/action_dispatch/journey/router.rb:39:in `block in serve'
  actionpack (5.0.1) lib/action_dispatch/journey/router.rb:26:in `serve'
  actionpack (5.0.1) lib/action_dispatch/routing/route_set.rb:725:in `call'
  warden (1.2.7) lib/warden/manager.rb:36:in `block in call'
  warden (1.2.7) lib/warden/manager.rb:35:in `call'
  rack (2.0.1) lib/rack/etag.rb:25:in `call'
  rack (2.0.1) lib/rack/conditional_get.rb:25:in `call'
  rack (2.0.1) lib/rack/head.rb:12:in `call'
  rack (2.0.1) lib/rack/session/abstract/id.rb:222:in `context'
  rack (2.0.1) lib/rack/session/abstract/id.rb:216:in `call'
  actionpack (5.0.1) lib/action_dispatch/middleware/cookies.rb:613:in `call'
  actionpack (5.0.1) lib/action_dispatch/middleware/callbacks.rb:38:in `block in call'
  activesupport (5.0.1) lib/active_support/callbacks.rb:97:in `__run_callbacks__'
  activesupport (5.0.1) lib/active_support/callbacks.rb:750:in `_run_call_callbacks'
  activesupport (5.0.1) lib/active_support/callbacks.rb:90:in `run_callbacks'
  actionpack (5.0.1) lib/action_dispatch/middleware/callbacks.rb:36:in `call'
  actionpack (5.0.1) lib/action_dispatch/middleware/executor.rb:12:in `call'
  actionpack (5.0.1) lib/action_dispatch/middleware/remote_ip.rb:79:in `call'
  better_errors (2.1.1) lib/better_errors/middleware.rb:84:in `protected_app_call'
  better_errors (2.1.1) lib/better_errors/middleware.rb:79:in `better_errors_call'
  better_errors (2.1.1) lib/better_errors/middleware.rb:57:in `call'
  actionpack (5.0.1) lib/action_dispatch/middleware/debug_exceptions.rb:49:in `call'
  web-console (3.4.0) lib/web_console/middleware.rb:135:in `call_app'
  web-console (3.4.0) lib/web_console/middleware.rb:28:in `block in call'
  web-console (3.4.0) lib/web_console/middleware.rb:18:in `call'
  actionpack (5.0.1) lib/action_dispatch/middleware/show_exceptions.rb:31:in `call'
  railties (5.0.1) lib/rails/rack/logger.rb:36:in `call_app'
  railties (5.0.1) lib/rails/rack/logger.rb:24:in `block in call'
  activesupport (5.0.1) lib/active_support/tagged_logging.rb:69:in `block in tagged'
  activesupport (5.0.1) lib/active_support/tagged_logging.rb:26:in `tagged'
  activesupport (5.0.1) lib/active_support/tagged_logging.rb:69:in `tagged'
  railties (5.0.1) lib/rails/rack/logger.rb:24:in `call'
  sprockets-rails (3.2.0) lib/sprockets/rails/quiet_assets.rb:13:in `call'
  actionpack (5.0.1) lib/action_dispatch/middleware/request_id.rb:24:in `call'
  rack (2.0.1) lib/rack/method_override.rb:22:in `call'
  rack (2.0.1) lib/rack/runtime.rb:22:in `call'
  activesupport (5.0.1) lib/active_support/cache/strategy/local_cache_middleware.rb:28:in `call'
  actionpack (5.0.1) lib/action_dispatch/middleware/executor.rb:12:in `call'
  actionpack (5.0.1) lib/action_dispatch/middleware/static.rb:136:in `call'
  rack (2.0.1) lib/rack/sendfile.rb:111:in `call'
  railties (5.0.1) lib/rails/engine.rb:522:in `call'
  puma (3.7.0) lib/puma/configuration.rb:226:in `call'
  puma (3.7.0) lib/puma/server.rb:578:in `handle_request'
  puma (3.7.0) lib/puma/server.rb:415:in `process_client'
  puma (3.7.0) lib/puma/server.rb:275:in `block in run'
  puma (3.7.0) lib/puma/thread_pool.rb:120:in `block in spawn_thread'

Started POST "/__better_errors/0357807394579788/variables" for 127.0.0.1 at 2017-02-04 23:47:30 -0500
Started GET "/" for 127.0.0.1 at 2017-02-04 23:49:20 -0500
Processing by StaticPagesController#index as HTML
  Rendering static_pages/index.html.erb within layouts/application
  Rendered static_pages/index.html.erb within layouts/application (0.8ms)
Completed 200 OK in 133ms (Views: 116.6ms)


Started GET "/service-worker.js" for 127.0.0.1 at 2017-02-04 23:49:21 -0500
  
ActionController::RoutingError (No route matches [GET] "/service-worker.js"):
  
actionpack (5.0.1) lib/action_dispatch/middleware/debug_exceptions.rb:53:in `call'
web-console (3.4.0) lib/web_console/middleware.rb:135:in `call_app'
web-console (3.4.0) lib/web_console/middleware.rb:28:in `block in call'
web-console (3.4.0) lib/web_console/middleware.rb:18:in `catch'
web-console (3.4.0) lib/web_console/middleware.rb:18:in `call'
actionpack (5.0.1) lib/action_dispatch/middleware/show_exceptions.rb:31:in `call'
railties (5.0.1) lib/rails/rack/logger.rb:36:in `call_app'
railties (5.0.1) lib/rails/rack/logger.rb:24:in `block in call'
activesupport (5.0.1) lib/active_support/tagged_logging.rb:69:in `block in tagged'
activesupport (5.0.1) lib/active_support/tagged_logging.rb:26:in `tagged'
activesupport (5.0.1) lib/active_support/tagged_logging.rb:69:in `tagged'
railties (5.0.1) lib/rails/rack/logger.rb:24:in `call'
sprockets-rails (3.2.0) lib/sprockets/rails/quiet_assets.rb:13:in `call'
actionpack (5.0.1) lib/action_dispatch/middleware/request_id.rb:24:in `call'
rack (2.0.1) lib/rack/method_override.rb:22:in `call'
rack (2.0.1) lib/rack/runtime.rb:22:in `call'
activesupport (5.0.1) lib/active_support/cache/strategy/local_cache_middleware.rb:28:in `call'
actionpack (5.0.1) lib/action_dispatch/middleware/executor.rb:12:in `call'
actionpack (5.0.1) lib/action_dispatch/middleware/static.rb:136:in `call'
rack (2.0.1) lib/rack/sendfile.rb:111:in `call'
railties (5.0.1) lib/rails/engine.rb:522:in `call'
puma (3.7.0) lib/puma/configuration.rb:226:in `call'
puma (3.7.0) lib/puma/server.rb:578:in `handle_request'
puma (3.7.0) lib/puma/server.rb:415:in `process_client'
puma (3.7.0) lib/puma/server.rb:275:in `block in run'
puma (3.7.0) lib/puma/thread_pool.rb:120:in `block in spawn_thread'
  Rendering /Users/Freddy/.rbenv/versions/2.3.1/lib/ruby/gems/2.3.0/gems/actionpack-5.0.1/lib/action_dispatch/middleware/templates/rescues/routing_error.html.erb within rescues/layout
  Rendering /Users/Freddy/.rbenv/versions/2.3.1/lib/ruby/gems/2.3.0/gems/actionpack-5.0.1/lib/action_dispatch/middleware/templates/rescues/_trace.html.erb
  Rendered /Users/Freddy/.rbenv/versions/2.3.1/lib/ruby/gems/2.3.0/gems/actionpack-5.0.1/lib/action_dispatch/middleware/templates/rescues/_trace.html.erb (1.1ms)
  Rendered collection of /Users/Freddy/.rbenv/versions/2.3.1/lib/ruby/gems/2.3.0/gems/actionpack-5.0.1/lib/action_dispatch/middleware/templates/routes/_route.html.erb [16 times] (6.1ms)
  Rendered /Users/Freddy/.rbenv/versions/2.3.1/lib/ruby/gems/2.3.0/gems/actionpack-5.0.1/lib/action_dispatch/middleware/templates/routes/_table.html.erb (1.3ms)
  Rendering /Users/Freddy/.rbenv/versions/2.3.1/lib/ruby/gems/2.3.0/gems/actionpack-5.0.1/lib/action_dispatch/middleware/templates/rescues/_request_and_response.html.erb
  Rendered /Users/Freddy/.rbenv/versions/2.3.1/lib/ruby/gems/2.3.0/gems/actionpack-5.0.1/lib/action_dispatch/middleware/templates/rescues/_request_and_response.html.erb (1.1ms)
  Rendered /Users/Freddy/.rbenv/versions/2.3.1/lib/ruby/gems/2.3.0/gems/actionpack-5.0.1/lib/action_dispatch/middleware/templates/rescues/routing_error.html.erb within rescues/layout (115.4ms)
Started GET "/users/sign_in" for 127.0.0.1 at 2017-02-04 23:49:22 -0500
Processing by Devise::SessionsController#new as HTML
  Rendering devise/sessions/new.html.erb within layouts/application
  Rendered devise/sessions/new.html.erb within layouts/application (145.1ms)
Completed 500 Internal Server Error in 196ms


DEPRECATION WARNING: #original_exception is deprecated. Use #cause instead. (called from initialize at /Users/Freddy/.rbenv/versions/2.3.1/lib/ruby/gems/2.3.0/gems/better_errors-2.1.1/lib/better_errors/raised_exception.rb:7)
DEPRECATION WARNING: #original_exception is deprecated. Use #cause instead. (called from initialize at /Users/Freddy/.rbenv/versions/2.3.1/lib/ruby/gems/2.3.0/gems/better_errors-2.1.1/lib/better_errors/raised_exception.rb:8)

NoMethodError - undefined method `session_path' for #<#<Class:0x007fa4f8808dc0>:0x007fa4f2477a18>
Did you mean?  session:
  app/views/devise/sessions/new.html.erb:3:in `_app_views_devise_sessions_new_html_erb__3121392660002954034_70173208064700'
  actionview (5.0.1) lib/action_view/template.rb:159:in `block in render'
  activesupport (5.0.1) lib/active_support/notifications.rb:166:in `instrument'
  actionview (5.0.1) lib/action_view/template.rb:354:in `instrument'
  actionview (5.0.1) lib/action_view/template.rb:157:in `render'
  actionview (5.0.1) lib/action_view/renderer/template_renderer.rb:54:in `block (2 levels) in render_template'
  actionview (5.0.1) lib/action_view/renderer/abstract_renderer.rb:42:in `block in instrument'
  activesupport (5.0.1) lib/active_support/notifications.rb:164:in `block in instrument'
  activesupport (5.0.1) lib/active_support/notifications/instrumenter.rb:21:in `instrument'
  activesupport (5.0.1) lib/active_support/notifications.rb:164:in `instrument'
  actionview (5.0.1) lib/action_view/renderer/abstract_renderer.rb:41:in `instrument'
  actionview (5.0.1) lib/action_view/renderer/template_renderer.rb:53:in `block in render_template'
  actionview (5.0.1) lib/action_view/renderer/template_renderer.rb:61:in `render_with_layout'
  actionview (5.0.1) lib/action_view/renderer/template_renderer.rb:52:in `render_template'
  actionview (5.0.1) lib/action_view/renderer/template_renderer.rb:14:in `render'
  actionview (5.0.1) lib/action_view/renderer/renderer.rb:42:in `render_template'
  actionview (5.0.1) lib/action_view/renderer/renderer.rb:23:in `render'
  actionview (5.0.1) lib/action_view/rendering.rb:103:in `_render_template'
  actionpack (5.0.1) lib/action_controller/metal/streaming.rb:217:in `_render_template'
  actionview (5.0.1) lib/action_view/rendering.rb:83:in `render_to_body'
  actionpack (5.0.1) lib/action_controller/metal/rendering.rb:52:in `render_to_body'
  actionpack (5.0.1) lib/action_controller/metal/renderers.rb:142:in `render_to_body'
  actionpack (5.0.1) lib/abstract_controller/rendering.rb:26:in `render'
  actionpack (5.0.1) lib/action_controller/metal/rendering.rb:36:in `render'
  actionpack (5.0.1) lib/action_controller/metal/instrumentation.rb:44:in `block (2 levels) in render'
  activesupport (5.0.1) lib/active_support/core_ext/benchmark.rb:12:in `block in ms'
  /Users/Freddy/.rbenv/versions/2.3.1/lib/ruby/2.3.0/benchmark.rb:308:in `realtime'
  activesupport (5.0.1) lib/active_support/core_ext/benchmark.rb:12:in `ms'
  actionpack (5.0.1) lib/action_controller/metal/instrumentation.rb:44:in `block in render'
  actionpack (5.0.1) lib/action_controller/metal/instrumentation.rb:87:in `cleanup_view_runtime'
  actionpack (5.0.1) lib/action_controller/metal/instrumentation.rb:43:in `render'
  responders (2.3.0) lib/action_controller/responder.rb:238:in `default_render'
  responders (2.3.0) lib/action_controller/responder.rb:170:in `to_html'
  responders (2.3.0) lib/action_controller/responder.rb:163:in `respond'
  responders (2.3.0) lib/action_controller/responder.rb:156:in `call'
  responders (2.3.0) lib/action_controller/respond_with.rb:205:in `respond_with'
  devise (4.2.0) app/controllers/devise/sessions_controller.rb:12:in `new'
  actionpack (5.0.1) lib/action_controller/metal/basic_implicit_render.rb:4:in `send_action'
  actionpack (5.0.1) lib/abstract_controller/base.rb:188:in `process_action'
  actionpack (5.0.1) lib/action_controller/metal/rendering.rb:30:in `process_action'
  actionpack (5.0.1) lib/abstract_controller/callbacks.rb:20:in `block in process_action'
  activesupport (5.0.1) lib/active_support/callbacks.rb:126:in `call'
  activesupport (5.0.1) lib/active_support/callbacks.rb:506:in `block (2 levels) in compile'
  activesupport (5.0.1) lib/active_support/callbacks.rb:455:in `call'
  activesupport (5.0.1) lib/active_support/callbacks.rb:101:in `__run_callbacks__'
  activesupport (5.0.1) lib/active_support/callbacks.rb:750:in `_run_process_action_callbacks'
  activesupport (5.0.1) lib/active_support/callbacks.rb:90:in `run_callbacks'
  actionpack (5.0.1) lib/abstract_controller/callbacks.rb:19:in `process_action'
  actionpack (5.0.1) lib/action_controller/metal/rescue.rb:20:in `process_action'
  actionpack (5.0.1) lib/action_controller/metal/instrumentation.rb:32:in `block in process_action'
  activesupport (5.0.1) lib/active_support/notifications.rb:164:in `block in instrument'
  activesupport (5.0.1) lib/active_support/notifications/instrumenter.rb:21:in `instrument'
  activesupport (5.0.1) lib/active_support/notifications.rb:164:in `instrument'
  actionpack (5.0.1) lib/action_controller/metal/instrumentation.rb:30:in `process_action'
  actionpack (5.0.1) lib/action_controller/metal/params_wrapper.rb:248:in `process_action'
  actionpack (5.0.1) lib/abstract_controller/base.rb:126:in `process'
  actionview (5.0.1) lib/action_view/rendering.rb:30:in `process'
  actionpack (5.0.1) lib/action_controller/metal.rb:190:in `dispatch'
  actionpack (5.0.1) lib/action_controller/metal.rb:262:in `dispatch'
  actionpack (5.0.1) lib/action_dispatch/routing/route_set.rb:50:in `dispatch'
  actionpack (5.0.1) lib/action_dispatch/routing/route_set.rb:32:in `serve'
  actionpack (5.0.1) lib/action_dispatch/routing/mapper.rb:16:in `block in <class:Constraints>'
  actionpack (5.0.1) lib/action_dispatch/routing/mapper.rb:46:in `serve'
  actionpack (5.0.1) lib/action_dispatch/journey/router.rb:39:in `block in serve'
  actionpack (5.0.1) lib/action_dispatch/journey/router.rb:26:in `serve'
  actionpack (5.0.1) lib/action_dispatch/routing/route_set.rb:725:in `call'
  warden (1.2.7) lib/warden/manager.rb:36:in `block in call'
  warden (1.2.7) lib/warden/manager.rb:35:in `call'
  rack (2.0.1) lib/rack/etag.rb:25:in `call'
  rack (2.0.1) lib/rack/conditional_get.rb:25:in `call'
  rack (2.0.1) lib/rack/head.rb:12:in `call'
  rack (2.0.1) lib/rack/session/abstract/id.rb:222:in `context'
  rack (2.0.1) lib/rack/session/abstract/id.rb:216:in `call'
  actionpack (5.0.1) lib/action_dispatch/middleware/cookies.rb:613:in `call'
  actionpack (5.0.1) lib/action_dispatch/middleware/callbacks.rb:38:in `block in call'
  activesupport (5.0.1) lib/active_support/callbacks.rb:97:in `__run_callbacks__'
  activesupport (5.0.1) lib/active_support/callbacks.rb:750:in `_run_call_callbacks'
  activesupport (5.0.1) lib/active_support/callbacks.rb:90:in `run_callbacks'
  actionpack (5.0.1) lib/action_dispatch/middleware/callbacks.rb:36:in `call'
  actionpack (5.0.1) lib/action_dispatch/middleware/executor.rb:12:in `call'
  actionpack (5.0.1) lib/action_dispatch/middleware/remote_ip.rb:79:in `call'
  better_errors (2.1.1) lib/better_errors/middleware.rb:84:in `protected_app_call'
  better_errors (2.1.1) lib/better_errors/middleware.rb:79:in `better_errors_call'
  better_errors (2.1.1) lib/better_errors/middleware.rb:57:in `call'
  actionpack (5.0.1) lib/action_dispatch/middleware/debug_exceptions.rb:49:in `call'
  web-console (3.4.0) lib/web_console/middleware.rb:135:in `call_app'
  web-console (3.4.0) lib/web_console/middleware.rb:28:in `block in call'
  web-console (3.4.0) lib/web_console/middleware.rb:18:in `call'
  actionpack (5.0.1) lib/action_dispatch/middleware/show_exceptions.rb:31:in `call'
  railties (5.0.1) lib/rails/rack/logger.rb:36:in `call_app'
  railties (5.0.1) lib/rails/rack/logger.rb:24:in `block in call'
  activesupport (5.0.1) lib/active_support/tagged_logging.rb:69:in `block in tagged'
  activesupport (5.0.1) lib/active_support/tagged_logging.rb:26:in `tagged'
  activesupport (5.0.1) lib/active_support/tagged_logging.rb:69:in `tagged'
  railties (5.0.1) lib/rails/rack/logger.rb:24:in `call'
  sprockets-rails (3.2.0) lib/sprockets/rails/quiet_assets.rb:13:in `call'
  actionpack (5.0.1) lib/action_dispatch/middleware/request_id.rb:24:in `call'
  rack (2.0.1) lib/rack/method_override.rb:22:in `call'
  rack (2.0.1) lib/rack/runtime.rb:22:in `call'
  activesupport (5.0.1) lib/active_support/cache/strategy/local_cache_middleware.rb:28:in `call'
  actionpack (5.0.1) lib/action_dispatch/middleware/executor.rb:12:in `call'
  actionpack (5.0.1) lib/action_dispatch/middleware/static.rb:136:in `call'
  rack (2.0.1) lib/rack/sendfile.rb:111:in `call'
  railties (5.0.1) lib/rails/engine.rb:522:in `call'
  puma (3.7.0) lib/puma/configuration.rb:226:in `call'
  puma (3.7.0) lib/puma/server.rb:578:in `handle_request'
  puma (3.7.0) lib/puma/server.rb:415:in `process_client'
  puma (3.7.0) lib/puma/server.rb:275:in `block in run'
  puma (3.7.0) lib/puma/thread_pool.rb:120:in `block in spawn_thread'

Started POST "/__better_errors/07e2a6b6b9bfabce/variables" for 127.0.0.1 at 2017-02-04 23:49:23 -0500
Started GET "/" for 127.0.0.1 at 2017-02-04 23:51:53 -0500
Processing by StaticPagesController#index as HTML
  Rendering static_pages/index.html.erb within layouts/application
  Rendered static_pages/index.html.erb within layouts/application (6.5ms)
Completed 200 OK in 976ms (Views: 898.0ms)


Started GET "/service-worker.js" for 127.0.0.1 at 2017-02-04 23:51:56 -0500
  
ActionController::RoutingError (No route matches [GET] "/service-worker.js"):
  
actionpack (5.0.1) lib/action_dispatch/middleware/debug_exceptions.rb:53:in `call'
web-console (3.4.0) lib/web_console/middleware.rb:135:in `call_app'
web-console (3.4.0) lib/web_console/middleware.rb:28:in `block in call'
web-console (3.4.0) lib/web_console/middleware.rb:18:in `catch'
web-console (3.4.0) lib/web_console/middleware.rb:18:in `call'
actionpack (5.0.1) lib/action_dispatch/middleware/show_exceptions.rb:31:in `call'
railties (5.0.1) lib/rails/rack/logger.rb:36:in `call_app'
railties (5.0.1) lib/rails/rack/logger.rb:24:in `block in call'
activesupport (5.0.1) lib/active_support/tagged_logging.rb:69:in `block in tagged'
activesupport (5.0.1) lib/active_support/tagged_logging.rb:26:in `tagged'
activesupport (5.0.1) lib/active_support/tagged_logging.rb:69:in `tagged'
railties (5.0.1) lib/rails/rack/logger.rb:24:in `call'
sprockets-rails (3.2.0) lib/sprockets/rails/quiet_assets.rb:13:in `call'
actionpack (5.0.1) lib/action_dispatch/middleware/request_id.rb:24:in `call'
rack (2.0.1) lib/rack/method_override.rb:22:in `call'
rack (2.0.1) lib/rack/runtime.rb:22:in `call'
activesupport (5.0.1) lib/active_support/cache/strategy/local_cache_middleware.rb:28:in `call'
actionpack (5.0.1) lib/action_dispatch/middleware/executor.rb:12:in `call'
actionpack (5.0.1) lib/action_dispatch/middleware/static.rb:136:in `call'
rack (2.0.1) lib/rack/sendfile.rb:111:in `call'
railties (5.0.1) lib/rails/engine.rb:522:in `call'
puma (3.7.0) lib/puma/configuration.rb:226:in `call'
puma (3.7.0) lib/puma/server.rb:578:in `handle_request'
puma (3.7.0) lib/puma/server.rb:415:in `process_client'
puma (3.7.0) lib/puma/server.rb:275:in `block in run'
puma (3.7.0) lib/puma/thread_pool.rb:120:in `block in spawn_thread'
  Rendering /Users/Freddy/.rbenv/versions/2.3.1/lib/ruby/gems/2.3.0/gems/actionpack-5.0.1/lib/action_dispatch/middleware/templates/rescues/routing_error.html.erb within rescues/layout
  Rendering /Users/Freddy/.rbenv/versions/2.3.1/lib/ruby/gems/2.3.0/gems/actionpack-5.0.1/lib/action_dispatch/middleware/templates/rescues/_trace.html.erb
  Rendered /Users/Freddy/.rbenv/versions/2.3.1/lib/ruby/gems/2.3.0/gems/actionpack-5.0.1/lib/action_dispatch/middleware/templates/rescues/_trace.html.erb (2.0ms)
  Rendered collection of /Users/Freddy/.rbenv/versions/2.3.1/lib/ruby/gems/2.3.0/gems/actionpack-5.0.1/lib/action_dispatch/middleware/templates/routes/_route.html.erb [16 times] (8.3ms)
  Rendered /Users/Freddy/.rbenv/versions/2.3.1/lib/ruby/gems/2.3.0/gems/actionpack-5.0.1/lib/action_dispatch/middleware/templates/routes/_table.html.erb (27.7ms)
  Rendering /Users/Freddy/.rbenv/versions/2.3.1/lib/ruby/gems/2.3.0/gems/actionpack-5.0.1/lib/action_dispatch/middleware/templates/rescues/_request_and_response.html.erb
  Rendered /Users/Freddy/.rbenv/versions/2.3.1/lib/ruby/gems/2.3.0/gems/actionpack-5.0.1/lib/action_dispatch/middleware/templates/rescues/_request_and_response.html.erb (2.4ms)
  Rendered /Users/Freddy/.rbenv/versions/2.3.1/lib/ruby/gems/2.3.0/gems/actionpack-5.0.1/lib/action_dispatch/middleware/templates/rescues/routing_error.html.erb within rescues/layout (151.3ms)
Started GET "/" for 127.0.0.1 at 2017-02-04 23:51:57 -0500
Processing by StaticPagesController#index as HTML
  Rendering static_pages/index.html.erb within layouts/application
  Rendered static_pages/index.html.erb within layouts/application (0.7ms)
Completed 200 OK in 34ms (Views: 32.8ms)


Started GET "/service-worker.js" for 127.0.0.1 at 2017-02-04 23:51:59 -0500
  
ActionController::RoutingError (No route matches [GET] "/service-worker.js"):
  
actionpack (5.0.1) lib/action_dispatch/middleware/debug_exceptions.rb:53:in `call'
web-console (3.4.0) lib/web_console/middleware.rb:135:in `call_app'
web-console (3.4.0) lib/web_console/middleware.rb:28:in `block in call'
web-console (3.4.0) lib/web_console/middleware.rb:18:in `catch'
web-console (3.4.0) lib/web_console/middleware.rb:18:in `call'
actionpack (5.0.1) lib/action_dispatch/middleware/show_exceptions.rb:31:in `call'
railties (5.0.1) lib/rails/rack/logger.rb:36:in `call_app'
railties (5.0.1) lib/rails/rack/logger.rb:24:in `block in call'
activesupport (5.0.1) lib/active_support/tagged_logging.rb:69:in `block in tagged'
activesupport (5.0.1) lib/active_support/tagged_logging.rb:26:in `tagged'
activesupport (5.0.1) lib/active_support/tagged_logging.rb:69:in `tagged'
railties (5.0.1) lib/rails/rack/logger.rb:24:in `call'
sprockets-rails (3.2.0) lib/sprockets/rails/quiet_assets.rb:13:in `call'
actionpack (5.0.1) lib/action_dispatch/middleware/request_id.rb:24:in `call'
rack (2.0.1) lib/rack/method_override.rb:22:in `call'
rack (2.0.1) lib/rack/runtime.rb:22:in `call'
activesupport (5.0.1) lib/active_support/cache/strategy/local_cache_middleware.rb:28:in `call'
actionpack (5.0.1) lib/action_dispatch/middleware/executor.rb:12:in `call'
actionpack (5.0.1) lib/action_dispatch/middleware/static.rb:136:in `call'
rack (2.0.1) lib/rack/sendfile.rb:111:in `call'
railties (5.0.1) lib/rails/engine.rb:522:in `call'
puma (3.7.0) lib/puma/configuration.rb:226:in `call'
puma (3.7.0) lib/puma/server.rb:578:in `handle_request'
puma (3.7.0) lib/puma/server.rb:415:in `process_client'
puma (3.7.0) lib/puma/server.rb:275:in `block in run'
puma (3.7.0) lib/puma/thread_pool.rb:120:in `block in spawn_thread'
  Rendering /Users/Freddy/.rbenv/versions/2.3.1/lib/ruby/gems/2.3.0/gems/actionpack-5.0.1/lib/action_dispatch/middleware/templates/rescues/routing_error.html.erb within rescues/layout
  Rendering /Users/Freddy/.rbenv/versions/2.3.1/lib/ruby/gems/2.3.0/gems/actionpack-5.0.1/lib/action_dispatch/middleware/templates/rescues/_trace.html.erb
  Rendered /Users/Freddy/.rbenv/versions/2.3.1/lib/ruby/gems/2.3.0/gems/actionpack-5.0.1/lib/action_dispatch/middleware/templates/rescues/_trace.html.erb (2.2ms)
  Rendered collection of /Users/Freddy/.rbenv/versions/2.3.1/lib/ruby/gems/2.3.0/gems/actionpack-5.0.1/lib/action_dispatch/middleware/templates/routes/_route.html.erb [16 times] (5.6ms)
  Rendered /Users/Freddy/.rbenv/versions/2.3.1/lib/ruby/gems/2.3.0/gems/actionpack-5.0.1/lib/action_dispatch/middleware/templates/routes/_table.html.erb (1.3ms)
  Rendering /Users/Freddy/.rbenv/versions/2.3.1/lib/ruby/gems/2.3.0/gems/actionpack-5.0.1/lib/action_dispatch/middleware/templates/rescues/_request_and_response.html.erb
  Rendered /Users/Freddy/.rbenv/versions/2.3.1/lib/ruby/gems/2.3.0/gems/actionpack-5.0.1/lib/action_dispatch/middleware/templates/rescues/_request_and_response.html.erb (1.1ms)
  Rendered /Users/Freddy/.rbenv/versions/2.3.1/lib/ruby/gems/2.3.0/gems/actionpack-5.0.1/lib/action_dispatch/middleware/templates/rescues/routing_error.html.erb within rescues/layout (133.0ms)
Started GET "/users/sign_in" for 127.0.0.1 at 2017-02-04 23:52:00 -0500
Processing by Devise::SessionsController#new as HTML
  Rendering devise/sessions/new.html.erb within layouts/application
  Rendered devise/shared/_links.html.erb (1.5ms)
  Rendered devise/sessions/new.html.erb within layouts/application (314.2ms)
Completed 200 OK in 418ms (Views: 374.4ms)


Started GET "/users/sign_up" for 127.0.0.1 at 2017-02-04 23:52:03 -0500
Processing by Devise::RegistrationsController#new as HTML
  Rendering devise/registrations/new.html.erb within layouts/application
  Rendered devise/shared/_links.html.erb (1.7ms)
  Rendered devise/registrations/new.html.erb within layouts/application (6.6ms)
Completed 200 OK in 86ms (Views: 84.5ms)


DEPRECATION WARNING: Kaminari Mongoid support has been extracted to a separate gem, and will be removed in the next 1.0 release. Please bundle kaminari-mongoid gem. (called from <top (required)> at /Users/Freddy/WebDev/Rails_Starter_App/config/environment.rb:5)
DEPRECATION WARNING: alias_method_chain is deprecated. Please, use Module#prepend instead. From module, you can access the original method using super. (called from include at /Users/Freddy/WebDev/Rails_Starter_App/app/models/user.rb:2)
DEPRECATION WARNING: Kaminari Mongoid support has been extracted to a separate gem, and will be removed in the next 1.0 release. Please bundle kaminari-mongoid gem. (called from <top (required)> at /Users/Freddy/WebDev/Rails_Starter_App/config/environment.rb:5)
DEPRECATION WARNING: alias_method_chain is deprecated. Please, use Module#prepend instead. From module, you can access the original method using super. (called from include at /Users/Freddy/WebDev/Rails_Starter_App/app/models/user.rb:2)
DEPRECATION WARNING: Kaminari Mongoid support has been extracted to a separate gem, and will be removed in the next 1.0 release. Please bundle kaminari-mongoid gem. (called from <top (required)> at /Users/Freddy/WebDev/Rails_Starter_App/config/environment.rb:5)
DEPRECATION WARNING: alias_method_chain is deprecated. Please, use Module#prepend instead. From module, you can access the original method using super. (called from include at /Users/Freddy/WebDev/Rails_Starter_App/app/models/user.rb:2)
Started GET "/" for 127.0.0.1 at 2017-02-27 10:29:47 -0500
Processing by StaticPagesController#index as HTML
  Rendering static_pages/index.html.erb within layouts/application
  Rendered static_pages/index.html.erb within layouts/application (7.1ms)
Completed 200 OK in 25038ms (Views: 25013.5ms)


Started GET "/service-worker.js" for 127.0.0.1 at 2017-02-27 10:30:14 -0500
  
ActionController::RoutingError (No route matches [GET] "/service-worker.js"):
  
actionpack (5.0.1) lib/action_dispatch/middleware/debug_exceptions.rb:53:in `call'
web-console (3.4.0) lib/web_console/middleware.rb:135:in `call_app'
web-console (3.4.0) lib/web_console/middleware.rb:28:in `block in call'
web-console (3.4.0) lib/web_console/middleware.rb:18:in `catch'
web-console (3.4.0) lib/web_console/middleware.rb:18:in `call'
actionpack (5.0.1) lib/action_dispatch/middleware/show_exceptions.rb:31:in `call'
railties (5.0.1) lib/rails/rack/logger.rb:36:in `call_app'
railties (5.0.1) lib/rails/rack/logger.rb:24:in `block in call'
activesupport (5.0.1) lib/active_support/tagged_logging.rb:69:in `block in tagged'
activesupport (5.0.1) lib/active_support/tagged_logging.rb:26:in `tagged'
activesupport (5.0.1) lib/active_support/tagged_logging.rb:69:in `tagged'
railties (5.0.1) lib/rails/rack/logger.rb:24:in `call'
sprockets-rails (3.2.0) lib/sprockets/rails/quiet_assets.rb:13:in `call'
actionpack (5.0.1) lib/action_dispatch/middleware/request_id.rb:24:in `call'
rack (2.0.1) lib/rack/method_override.rb:22:in `call'
rack (2.0.1) lib/rack/runtime.rb:22:in `call'
activesupport (5.0.1) lib/active_support/cache/strategy/local_cache_middleware.rb:28:in `call'
actionpack (5.0.1) lib/action_dispatch/middleware/executor.rb:12:in `call'
actionpack (5.0.1) lib/action_dispatch/middleware/static.rb:136:in `call'
rack (2.0.1) lib/rack/sendfile.rb:111:in `call'
railties (5.0.1) lib/rails/engine.rb:522:in `call'
puma (3.7.0) lib/puma/configuration.rb:226:in `call'
puma (3.7.0) lib/puma/server.rb:578:in `handle_request'
puma (3.7.0) lib/puma/server.rb:415:in `process_client'
puma (3.7.0) lib/puma/server.rb:275:in `block in run'
puma (3.7.0) lib/puma/thread_pool.rb:120:in `block in spawn_thread'
  Rendering /Users/Freddy/.rbenv/versions/2.4.0/lib/ruby/gems/2.4.0/gems/actionpack-5.0.1/lib/action_dispatch/middleware/templates/rescues/routing_error.html.erb within rescues/layout
  Rendering /Users/Freddy/.rbenv/versions/2.4.0/lib/ruby/gems/2.4.0/gems/actionpack-5.0.1/lib/action_dispatch/middleware/templates/rescues/_trace.html.erb
  Rendered /Users/Freddy/.rbenv/versions/2.4.0/lib/ruby/gems/2.4.0/gems/actionpack-5.0.1/lib/action_dispatch/middleware/templates/rescues/_trace.html.erb (2.0ms)
  Rendered collection of /Users/Freddy/.rbenv/versions/2.4.0/lib/ruby/gems/2.4.0/gems/actionpack-5.0.1/lib/action_dispatch/middleware/templates/routes/_route.html.erb [17 times] (62.5ms)
  Rendered collection of /Users/Freddy/.rbenv/versions/2.4.0/lib/ruby/gems/2.4.0/gems/actionpack-5.0.1/lib/action_dispatch/middleware/templates/routes/_route.html.erb [10 times] (3.9ms)
  Rendered /Users/Freddy/.rbenv/versions/2.4.0/lib/ruby/gems/2.4.0/gems/actionpack-5.0.1/lib/action_dispatch/middleware/templates/routes/_table.html.erb (17.9ms)
  Rendering /Users/Freddy/.rbenv/versions/2.4.0/lib/ruby/gems/2.4.0/gems/actionpack-5.0.1/lib/action_dispatch/middleware/templates/rescues/_request_and_response.html.erb
  Rendered /Users/Freddy/.rbenv/versions/2.4.0/lib/ruby/gems/2.4.0/gems/actionpack-5.0.1/lib/action_dispatch/middleware/templates/rescues/_request_and_response.html.erb (1.2ms)
  Rendered /Users/Freddy/.rbenv/versions/2.4.0/lib/ruby/gems/2.4.0/gems/actionpack-5.0.1/lib/action_dispatch/middleware/templates/rescues/routing_error.html.erb within rescues/layout (364.5ms)
Started GET "/users/sign_up" for 127.0.0.1 at 2017-02-27 10:30:19 -0500
Processing by Devise::RegistrationsController#new as HTML
  Rendering devise/registrations/new.html.erb within layouts/application
  Rendered devise/shared/_links.html.erb (1.1ms)
  Rendered devise/registrations/new.html.erb within layouts/application (96.0ms)
Completed 200 OK in 162ms (Views: 152.9ms)


Started GET "/users/sign_in" for 127.0.0.1 at 2017-02-27 10:30:22 -0500
Processing by Devise::SessionsController#new as HTML
  Rendering devise/sessions/new.html.erb within layouts/application
  Rendered devise/shared/_links.html.erb (2.3ms)
  Rendered devise/sessions/new.html.erb within layouts/application (24.9ms)
Completed 200 OK in 109ms (Views: 103.5ms)


Started POST "/users/sign_in" for 127.0.0.1 at 2017-02-27 10:30:23 -0500
Processing by Devise::SessionsController#create as HTML
  Parameters: {"utf8"=>"", "authenticity_token"=>"nz40ZylY/hX0t1YDmXFZjpO7FPEhallK5uXbCPDX7fr0xf0C9wiwCeW8xD+LO8K2sH6QG1Ovxryiy//kQM79mg==", "user"=>{"email"=>"fjschiller@gmail.com", "password"=>"[FILTERED]", "remember_me"=>"0"}, "commit"=>"Log in"}
MONGODB | Topology type 'unknown' initializing.
MONGODB | Server localhost:27017 initializing.
MONGODB | Topology type 'unknown' changed to type 'single'.
MONGODB | Server description for localhost:27017 changed from 'unknown' to 'standalone'.
MONGODB | There was a change in the members of the 'single' topology.
MONGODB | localhost:27017 | appname_development.find | STARTED | {"find"=>"users", "filter"=>{"email"=>"fjschiller@gmail.com"}, "limit"=>1, "sort"=>{"_id"=>1}, "singleBatch"=>true}
MONGODB | localhost:27017 | appname_development.find | SUCCEEDED | 0.021007s
Completed 401 Unauthorized in 307ms


Processing by Devise::SessionsController#new as HTML
  Parameters: {"utf8"=>"", "authenticity_token"=>"nz40ZylY/hX0t1YDmXFZjpO7FPEhallK5uXbCPDX7fr0xf0C9wiwCeW8xD+LO8K2sH6QG1Ovxryiy//kQM79mg==", "user"=>{"email"=>"fjschiller@gmail.com", "password"=>"[FILTERED]", "remember_me"=>"0"}, "commit"=>"Log in"}
  Rendering devise/sessions/new.html.erb within layouts/application
  Rendered devise/shared/_links.html.erb (1.0ms)
  Rendered devise/sessions/new.html.erb within layouts/application (5.3ms)
Completed 200 OK in 211ms (Views: 53.9ms)


Started GET "/service-worker.js" for 127.0.0.1 at 2017-02-27 10:30:25 -0500
  
ActionController::RoutingError (No route matches [GET] "/service-worker.js"):
  
actionpack (5.0.1) lib/action_dispatch/middleware/debug_exceptions.rb:53:in `call'
web-console (3.4.0) lib/web_console/middleware.rb:135:in `call_app'
web-console (3.4.0) lib/web_console/middleware.rb:28:in `block in call'
web-console (3.4.0) lib/web_console/middleware.rb:18:in `catch'
web-console (3.4.0) lib/web_console/middleware.rb:18:in `call'
actionpack (5.0.1) lib/action_dispatch/middleware/show_exceptions.rb:31:in `call'
railties (5.0.1) lib/rails/rack/logger.rb:36:in `call_app'
railties (5.0.1) lib/rails/rack/logger.rb:24:in `block in call'
activesupport (5.0.1) lib/active_support/tagged_logging.rb:69:in `block in tagged'
activesupport (5.0.1) lib/active_support/tagged_logging.rb:26:in `tagged'
activesupport (5.0.1) lib/active_support/tagged_logging.rb:69:in `tagged'
railties (5.0.1) lib/rails/rack/logger.rb:24:in `call'
sprockets-rails (3.2.0) lib/sprockets/rails/quiet_assets.rb:13:in `call'
actionpack (5.0.1) lib/action_dispatch/middleware/request_id.rb:24:in `call'
rack (2.0.1) lib/rack/method_override.rb:22:in `call'
rack (2.0.1) lib/rack/runtime.rb:22:in `call'
activesupport (5.0.1) lib/active_support/cache/strategy/local_cache_middleware.rb:28:in `call'
actionpack (5.0.1) lib/action_dispatch/middleware/executor.rb:12:in `call'
actionpack (5.0.1) lib/action_dispatch/middleware/static.rb:136:in `call'
rack (2.0.1) lib/rack/sendfile.rb:111:in `call'
railties (5.0.1) lib/rails/engine.rb:522:in `call'
puma (3.7.0) lib/puma/configuration.rb:226:in `call'
puma (3.7.0) lib/puma/server.rb:578:in `handle_request'
puma (3.7.0) lib/puma/server.rb:415:in `process_client'
puma (3.7.0) lib/puma/server.rb:275:in `block in run'
puma (3.7.0) lib/puma/thread_pool.rb:120:in `block in spawn_thread'
  Rendering /Users/Freddy/.rbenv/versions/2.4.0/lib/ruby/gems/2.4.0/gems/actionpack-5.0.1/lib/action_dispatch/middleware/templates/rescues/routing_error.html.erb within rescues/layout
  Rendering /Users/Freddy/.rbenv/versions/2.4.0/lib/ruby/gems/2.4.0/gems/actionpack-5.0.1/lib/action_dispatch/middleware/templates/rescues/_trace.html.erb
  Rendered /Users/Freddy/.rbenv/versions/2.4.0/lib/ruby/gems/2.4.0/gems/actionpack-5.0.1/lib/action_dispatch/middleware/templates/rescues/_trace.html.erb (2.1ms)
  Rendered collection of /Users/Freddy/.rbenv/versions/2.4.0/lib/ruby/gems/2.4.0/gems/actionpack-5.0.1/lib/action_dispatch/middleware/templates/routes/_route.html.erb [17 times] (10.4ms)
  Rendered collection of /Users/Freddy/.rbenv/versions/2.4.0/lib/ruby/gems/2.4.0/gems/actionpack-5.0.1/lib/action_dispatch/middleware/templates/routes/_route.html.erb [10 times] (3.0ms)
  Rendered /Users/Freddy/.rbenv/versions/2.4.0/lib/ruby/gems/2.4.0/gems/actionpack-5.0.1/lib/action_dispatch/middleware/templates/routes/_table.html.erb (1.9ms)
  Rendering /Users/Freddy/.rbenv/versions/2.4.0/lib/ruby/gems/2.4.0/gems/actionpack-5.0.1/lib/action_dispatch/middleware/templates/rescues/_request_and_response.html.erb
  Rendered /Users/Freddy/.rbenv/versions/2.4.0/lib/ruby/gems/2.4.0/gems/actionpack-5.0.1/lib/action_dispatch/middleware/templates/rescues/_request_and_response.html.erb (1.3ms)
  Rendered /Users/Freddy/.rbenv/versions/2.4.0/lib/ruby/gems/2.4.0/gems/actionpack-5.0.1/lib/action_dispatch/middleware/templates/rescues/routing_error.html.erb within rescues/layout (293.3ms)
Started GET "/users/sign_in" for 127.0.0.1 at 2017-02-27 10:30:26 -0500
Processing by Devise::SessionsController#new as HTML
  Rendering devise/sessions/new.html.erb within layouts/application
  Rendered devise/shared/_links.html.erb (1.1ms)
  Rendered devise/sessions/new.html.erb within layouts/application (6.3ms)
Completed 200 OK in 62ms (Views: 60.7ms)


Started GET "/service-worker.js" for 127.0.0.1 at 2017-02-27 10:30:27 -0500
  
ActionController::RoutingError (No route matches [GET] "/service-worker.js"):
  
actionpack (5.0.1) lib/action_dispatch/middleware/debug_exceptions.rb:53:in `call'
web-console (3.4.0) lib/web_console/middleware.rb:135:in `call_app'
web-console (3.4.0) lib/web_console/middleware.rb:28:in `block in call'
web-console (3.4.0) lib/web_console/middleware.rb:18:in `catch'
web-console (3.4.0) lib/web_console/middleware.rb:18:in `call'
actionpack (5.0.1) lib/action_dispatch/middleware/show_exceptions.rb:31:in `call'
railties (5.0.1) lib/rails/rack/logger.rb:36:in `call_app'
railties (5.0.1) lib/rails/rack/logger.rb:24:in `block in call'
activesupport (5.0.1) lib/active_support/tagged_logging.rb:69:in `block in tagged'
activesupport (5.0.1) lib/active_support/tagged_logging.rb:26:in `tagged'
activesupport (5.0.1) lib/active_support/tagged_logging.rb:69:in `tagged'
railties (5.0.1) lib/rails/rack/logger.rb:24:in `call'
sprockets-rails (3.2.0) lib/sprockets/rails/quiet_assets.rb:13:in `call'
actionpack (5.0.1) lib/action_dispatch/middleware/request_id.rb:24:in `call'
rack (2.0.1) lib/rack/method_override.rb:22:in `call'
rack (2.0.1) lib/rack/runtime.rb:22:in `call'
activesupport (5.0.1) lib/active_support/cache/strategy/local_cache_middleware.rb:28:in `call'
actionpack (5.0.1) lib/action_dispatch/middleware/executor.rb:12:in `call'
actionpack (5.0.1) lib/action_dispatch/middleware/static.rb:136:in `call'
rack (2.0.1) lib/rack/sendfile.rb:111:in `call'
railties (5.0.1) lib/rails/engine.rb:522:in `call'
puma (3.7.0) lib/puma/configuration.rb:226:in `call'
puma (3.7.0) lib/puma/server.rb:578:in `handle_request'
puma (3.7.0) lib/puma/server.rb:415:in `process_client'
puma (3.7.0) lib/puma/server.rb:275:in `block in run'
puma (3.7.0) lib/puma/thread_pool.rb:120:in `block in spawn_thread'
  Rendering /Users/Freddy/.rbenv/versions/2.4.0/lib/ruby/gems/2.4.0/gems/actionpack-5.0.1/lib/action_dispatch/middleware/templates/rescues/routing_error.html.erb within rescues/layout
  Rendering /Users/Freddy/.rbenv/versions/2.4.0/lib/ruby/gems/2.4.0/gems/actionpack-5.0.1/lib/action_dispatch/middleware/templates/rescues/_trace.html.erb
  Rendered /Users/Freddy/.rbenv/versions/2.4.0/lib/ruby/gems/2.4.0/gems/actionpack-5.0.1/lib/action_dispatch/middleware/templates/rescues/_trace.html.erb (2.7ms)
  Rendered collection of /Users/Freddy/.rbenv/versions/2.4.0/lib/ruby/gems/2.4.0/gems/actionpack-5.0.1/lib/action_dispatch/middleware/templates/routes/_route.html.erb [17 times] (15.4ms)
  Rendered collection of /Users/Freddy/.rbenv/versions/2.4.0/lib/ruby/gems/2.4.0/gems/actionpack-5.0.1/lib/action_dispatch/middleware/templates/routes/_route.html.erb [10 times] (2.6ms)
  Rendered /Users/Freddy/.rbenv/versions/2.4.0/lib/ruby/gems/2.4.0/gems/actionpack-5.0.1/lib/action_dispatch/middleware/templates/routes/_table.html.erb (1.5ms)
  Rendering /Users/Freddy/.rbenv/versions/2.4.0/lib/ruby/gems/2.4.0/gems/actionpack-5.0.1/lib/action_dispatch/middleware/templates/rescues/_request_and_response.html.erb
  Rendered /Users/Freddy/.rbenv/versions/2.4.0/lib/ruby/gems/2.4.0/gems/actionpack-5.0.1/lib/action_dispatch/middleware/templates/rescues/_request_and_response.html.erb (1.7ms)
  Rendered /Users/Freddy/.rbenv/versions/2.4.0/lib/ruby/gems/2.4.0/gems/actionpack-5.0.1/lib/action_dispatch/middleware/templates/rescues/routing_error.html.erb within rescues/layout (248.1ms)
Started GET "/" for 127.0.0.1 at 2017-02-27 10:30:32 -0500
Processing by StaticPagesController#index as HTML
  Rendering static_pages/index.html.erb within layouts/application
  Rendered static_pages/index.html.erb within layouts/application (0.8ms)
Completed 200 OK in 51ms (Views: 47.6ms)


Started GET "/admin" for 127.0.0.1 at 2017-02-27 10:30:34 -0500
Processing by RailsAdmin::MainController#dashboard as HTML
MONGODB | localhost:27017 | appname_development.count | STARTED | {"count"=>"users", "query"=>{}}
MONGODB | localhost:27017 | appname_development.count | SUCCEEDED | 0.048116s
  Rendering /Users/Freddy/.rbenv/versions/2.4.0/lib/ruby/gems/2.4.0/gems/rails_admin-1.1.1/app/views/rails_admin/main/dashboard.html.haml within layouts/rails_admin/application
  Rendered /Users/Freddy/.rbenv/versions/2.4.0/lib/ruby/gems/2.4.0/gems/rails_admin-1.1.1/app/views/rails_admin/main/dashboard.html.haml within layouts/rails_admin/application (8.7ms)
Started GET "/service-worker.js" for 127.0.0.1 at 2017-02-27 10:30:34 -0500
  
ActionController::RoutingError (No route matches [GET] "/service-worker.js"):
  
actionpack (5.0.1) lib/action_dispatch/middleware/debug_exceptions.rb:53:in `call'
web-console (3.4.0) lib/web_console/middleware.rb:135:in `call_app'
web-console (3.4.0) lib/web_console/middleware.rb:28:in `block in call'
web-console (3.4.0) lib/web_console/middleware.rb:18:in `catch'
web-console (3.4.0) lib/web_console/middleware.rb:18:in `call'
actionpack (5.0.1) lib/action_dispatch/middleware/show_exceptions.rb:31:in `call'
railties (5.0.1) lib/rails/rack/logger.rb:36:in `call_app'
railties (5.0.1) lib/rails/rack/logger.rb:24:in `block in call'
activesupport (5.0.1) lib/active_support/tagged_logging.rb:69:in `block in tagged'
activesupport (5.0.1) lib/active_support/tagged_logging.rb:26:in `tagged'
activesupport (5.0.1) lib/active_support/tagged_logging.rb:69:in `tagged'
railties (5.0.1) lib/rails/rack/logger.rb:24:in `call'
sprockets-rails (3.2.0) lib/sprockets/rails/quiet_assets.rb:13:in `call'
actionpack (5.0.1) lib/action_dispatch/middleware/request_id.rb:24:in `call'
rack (2.0.1) lib/rack/method_override.rb:22:in `call'
rack (2.0.1) lib/rack/runtime.rb:22:in `call'
activesupport (5.0.1) lib/active_support/cache/strategy/local_cache_middleware.rb:28:in `call'
actionpack (5.0.1) lib/action_dispatch/middleware/executor.rb:12:in `call'
actionpack (5.0.1) lib/action_dispatch/middleware/static.rb:136:in `call'
rack (2.0.1) lib/rack/sendfile.rb:111:in `call'
railties (5.0.1) lib/rails/engine.rb:522:in `call'
puma (3.7.0) lib/puma/configuration.rb:226:in `call'
puma (3.7.0) lib/puma/server.rb:578:in `handle_request'
puma (3.7.0) lib/puma/server.rb:415:in `process_client'
puma (3.7.0) lib/puma/server.rb:275:in `block in run'
puma (3.7.0) lib/puma/thread_pool.rb:120:in `block in spawn_thread'
  Rendering /Users/Freddy/.rbenv/versions/2.4.0/lib/ruby/gems/2.4.0/gems/actionpack-5.0.1/lib/action_dispatch/middleware/templates/rescues/routing_error.html.erb within rescues/layout
  Rendering /Users/Freddy/.rbenv/versions/2.4.0/lib/ruby/gems/2.4.0/gems/actionpack-5.0.1/lib/action_dispatch/middleware/templates/rescues/_trace.html.erb
  Rendered /Users/Freddy/.rbenv/versions/2.4.0/lib/ruby/gems/2.4.0/gems/actionpack-5.0.1/lib/action_dispatch/middleware/templates/rescues/_trace.html.erb (1.8ms)
  Rendered collection of /Users/Freddy/.rbenv/versions/2.4.0/lib/ruby/gems/2.4.0/gems/actionpack-5.0.1/lib/action_dispatch/middleware/templates/routes/_route.html.erb [17 times] (5.4ms)
  Rendered collection of /Users/Freddy/.rbenv/versions/2.4.0/lib/ruby/gems/2.4.0/gems/actionpack-5.0.1/lib/action_dispatch/middleware/templates/routes/_route.html.erb [10 times] (2.7ms)
  Rendered /Users/Freddy/.rbenv/versions/2.4.0/lib/ruby/gems/2.4.0/gems/actionpack-5.0.1/lib/action_dispatch/middleware/templates/routes/_table.html.erb (1.1ms)
  Rendering /Users/Freddy/.rbenv/versions/2.4.0/lib/ruby/gems/2.4.0/gems/actionpack-5.0.1/lib/action_dispatch/middleware/templates/rescues/_request_and_response.html.erb
  Rendered /Users/Freddy/.rbenv/versions/2.4.0/lib/ruby/gems/2.4.0/gems/actionpack-5.0.1/lib/action_dispatch/middleware/templates/rescues/_request_and_response.html.erb (2.6ms)
  Rendered /Users/Freddy/.rbenv/versions/2.4.0/lib/ruby/gems/2.4.0/gems/actionpack-5.0.1/lib/action_dispatch/middleware/templates/rescues/routing_error.html.erb within rescues/layout (175.1ms)
  Rendered /Users/Freddy/.rbenv/versions/2.4.0/lib/ruby/gems/2.4.0/gems/rails_admin-1.1.1/app/views/layouts/rails_admin/_secondary_navigation.html.haml (2.4ms)
  Rendered /Users/Freddy/.rbenv/versions/2.4.0/lib/ruby/gems/2.4.0/gems/rails_admin-1.1.1/app/views/layouts/rails_admin/_navigation.html.haml (8.3ms)
  Rendered /Users/Freddy/.rbenv/versions/2.4.0/lib/ruby/gems/2.4.0/gems/rails_admin-1.1.1/app/views/layouts/rails_admin/_sidebar_navigation.html.haml (1.8ms)
  Rendering /Users/Freddy/.rbenv/versions/2.4.0/lib/ruby/gems/2.4.0/gems/rails_admin-1.1.1/app/views/layouts/rails_admin/pjax.html.haml
  Rendered /Users/Freddy/.rbenv/versions/2.4.0/lib/ruby/gems/2.4.0/gems/rails_admin-1.1.1/app/views/layouts/rails_admin/pjax.html.haml (3.3ms)
Completed 200 OK in 985ms (Views: 789.9ms)


Started GET "/service-worker.js" for 127.0.0.1 at 2017-02-27 10:30:36 -0500
  
ActionController::RoutingError (No route matches [GET] "/service-worker.js"):
  
actionpack (5.0.1) lib/action_dispatch/middleware/debug_exceptions.rb:53:in `call'
web-console (3.4.0) lib/web_console/middleware.rb:135:in `call_app'
web-console (3.4.0) lib/web_console/middleware.rb:28:in `block in call'
web-console (3.4.0) lib/web_console/middleware.rb:18:in `catch'
web-console (3.4.0) lib/web_console/middleware.rb:18:in `call'
actionpack (5.0.1) lib/action_dispatch/middleware/show_exceptions.rb:31:in `call'
railties (5.0.1) lib/rails/rack/logger.rb:36:in `call_app'
railties (5.0.1) lib/rails/rack/logger.rb:24:in `block in call'
activesupport (5.0.1) lib/active_support/tagged_logging.rb:69:in `block in tagged'
activesupport (5.0.1) lib/active_support/tagged_logging.rb:26:in `tagged'
activesupport (5.0.1) lib/active_support/tagged_logging.rb:69:in `tagged'
railties (5.0.1) lib/rails/rack/logger.rb:24:in `call'
sprockets-rails (3.2.0) lib/sprockets/rails/quiet_assets.rb:13:in `call'
actionpack (5.0.1) lib/action_dispatch/middleware/request_id.rb:24:in `call'
rack (2.0.1) lib/rack/method_override.rb:22:in `call'
rack (2.0.1) lib/rack/runtime.rb:22:in `call'
activesupport (5.0.1) lib/active_support/cache/strategy/local_cache_middleware.rb:28:in `call'
actionpack (5.0.1) lib/action_dispatch/middleware/executor.rb:12:in `call'
actionpack (5.0.1) lib/action_dispatch/middleware/static.rb:136:in `call'
rack (2.0.1) lib/rack/sendfile.rb:111:in `call'
railties (5.0.1) lib/rails/engine.rb:522:in `call'
puma (3.7.0) lib/puma/configuration.rb:226:in `call'
puma (3.7.0) lib/puma/server.rb:578:in `handle_request'
puma (3.7.0) lib/puma/server.rb:415:in `process_client'
puma (3.7.0) lib/puma/server.rb:275:in `block in run'
puma (3.7.0) lib/puma/thread_pool.rb:120:in `block in spawn_thread'
  Rendering /Users/Freddy/.rbenv/versions/2.4.0/lib/ruby/gems/2.4.0/gems/actionpack-5.0.1/lib/action_dispatch/middleware/templates/rescues/routing_error.html.erb within rescues/layout
  Rendering /Users/Freddy/.rbenv/versions/2.4.0/lib/ruby/gems/2.4.0/gems/actionpack-5.0.1/lib/action_dispatch/middleware/templates/rescues/_trace.html.erb
  Rendered /Users/Freddy/.rbenv/versions/2.4.0/lib/ruby/gems/2.4.0/gems/actionpack-5.0.1/lib/action_dispatch/middleware/templates/rescues/_trace.html.erb (2.2ms)
  Rendered collection of /Users/Freddy/.rbenv/versions/2.4.0/lib/ruby/gems/2.4.0/gems/actionpack-5.0.1/lib/action_dispatch/middleware/templates/routes/_route.html.erb [17 times] (6.2ms)
  Rendered collection of /Users/Freddy/.rbenv/versions/2.4.0/lib/ruby/gems/2.4.0/gems/actionpack-5.0.1/lib/action_dispatch/middleware/templates/routes/_route.html.erb [10 times] (3.9ms)
  Rendered /Users/Freddy/.rbenv/versions/2.4.0/lib/ruby/gems/2.4.0/gems/actionpack-5.0.1/lib/action_dispatch/middleware/templates/routes/_table.html.erb (1.5ms)
  Rendering /Users/Freddy/.rbenv/versions/2.4.0/lib/ruby/gems/2.4.0/gems/actionpack-5.0.1/lib/action_dispatch/middleware/templates/rescues/_request_and_response.html.erb
  Rendered /Users/Freddy/.rbenv/versions/2.4.0/lib/ruby/gems/2.4.0/gems/actionpack-5.0.1/lib/action_dispatch/middleware/templates/rescues/_request_and_response.html.erb (2.4ms)
  Rendered /Users/Freddy/.rbenv/versions/2.4.0/lib/ruby/gems/2.4.0/gems/actionpack-5.0.1/lib/action_dispatch/middleware/templates/rescues/routing_error.html.erb within rescues/layout (229.6ms)
